18-03-2009 09:49:05,Can not open serial port : COM1
18-03-2009 09:49:05,Porten 'COM1' findes ikke.
18-03-2009 09:50:11,Can not open serial port : COM1
18-03-2009 09:50:11,Porten 'COM1' findes ikke.
26-03-2011 10:25:55,Can not open serial port : COM1
26-03-2011 10:25:55,Porten 'COM1' findes ikke.
20-09-2011 10:58:45,Can not open serial port : COM1
20-09-2011 10:58:45,Porten 'COM1' findes ikke.
05-05-2012 21:56:12,Can not open serial port : COM1
05-05-2012 21:56:12,Porten 'COM1' findes ikke.
05-05-2012 21:57:41,Can not open serial port : COM1
05-05-2012 21:57:41,Porten 'COM1' findes ikke.
11-07-2012 09:48:30,Can not open serial port : COM1
11-07-2012 09:48:30,Porten 'COM1' findes ikke.
5/3/2016 5:47:13 μμ,Can not open serial port : COM1
5/3/2016 5:47:13 μμ,Η θύρα 'COM1' δεν υπάρχει.
5/3/2016 5:47:34 μμ,Serial port : COM7 opened at 9600 baud
5/3/2016 5:50:38 μμ,Serial port : COM7 opened at 9600 baud
5/3/2016 5:57:04 μμ,Serial port : COM7 opened at 9600 baud
5/3/2016 5:57:05 μμ,Commandstring recieved : low
5/3/2016 5:57:05 μμ,The string recieved : low is not a well formed command string
5/3/2016 5:57:06 μμ,Commandstring recieved : low
5/3/2016 5:57:06 μμ,The string recieved : low is not a well formed command string
5/3/2016 5:57:07 μμ,Commandstring recieved : low
5/3/2016 5:57:07 μμ,The string recieved : low is not a well formed command string
5/3/2016 5:57:08 μμ,Commandstring recieved : low
5/3/2016 5:57:08 μμ,The string recieved : low is not a well formed command string
5/3/2016 5:57:09 μμ,Commandstring recieved : low
5/3/2016 5:57:09 μμ,The string recieved : low is not a well formed command string
5/3/2016 5:57:10 μμ,Commandstring recieved : low
5/3/2016 5:57:10 μμ,The string recieved : low is not a well formed command string
5/3/2016 5:57:11 μμ,Commandstring recieved : low
5/3/2016 5:57:11 μμ,The string recieved : low is not a well formed command string
5/3/2016 5:57:12 μμ,Commandstring recieved : low
5/3/2016 5:57:12 μμ,The string recieved : low is not a well formed command string
5/3/2016 5:57:13 μμ,Commandstring recieved : low
5/3/2016 5:57:13 μμ,The string recieved : low is not a well formed command string
5/3/2016 5:57:14 μμ,Commandstring recieved : low
5/3/2016 5:57:14 μμ,The string recieved : low is not a well formed command string
5/3/2016 5:57:15 μμ,Commandstring recieved : low
5/3/2016 5:57:15 μμ,The string recieved : low is not a well formed command string
5/3/2016 5:57:16 μμ,Commandstring recieved : low
5/3/2016 5:57:16 μμ,The string recieved : low is not a well formed command string
5/3/2016 5:57:17 μμ,Commandstring recieved : low
5/3/2016 5:57:17 μμ,The string recieved : low is not a well formed command string
5/3/2016 5:57:18 μμ,Commandstring recieved : low
5/3/2016 5:57:18 μμ,The string recieved : low is not a well formed command string
5/3/2016 5:57:19 μμ,Commandstring recieved : low
5/3/2016 5:57:19 μμ,The string recieved : low is not a well formed command string
5/3/2016 5:57:20 μμ,Commandstring recieved : low
5/3/2016 5:57:20 μμ,The string recieved : low is not a well formed command string
5/3/2016 5:57:21 μμ,Commandstring recieved : low
5/3/2016 5:57:21 μμ,The string recieved : low is not a well formed command string
5/3/2016 5:57:22 μμ,Commandstring recieved : low
5/3/2016 5:57:22 μμ,The string recieved : low is not a well formed command string
5/3/2016 5:57:23 μμ,Commandstring recieved : low
5/3/2016 5:57:23 μμ,The string recieved : low is not a well formed command string
5/3/2016 5:57:24 μμ,Commandstring recieved : low
5/3/2016 5:57:24 μμ,The string recieved : low is not a well formed command string
5/3/2016 5:57:25 μμ,Commandstring recieved : low
5/3/2016 5:57:25 μμ,The string recieved : low is not a well formed command string
5/3/2016 5:57:26 μμ,Commandstring recieved : low
5/3/2016 5:57:26 μμ,The string recieved : low is not a well formed command string
5/3/2016 5:57:27 μμ,Commandstring recieved : low
5/3/2016 5:57:27 μμ,The string recieved : low is not a well formed command string
5/3/2016 5:57:28 μμ,Commandstring recieved : low
5/3/2016 5:57:28 μμ,The string recieved : low is not a well formed command string
5/3/2016 5:57:29 μμ,Commandstring recieved : low
5/3/2016 5:57:29 μμ,The string recieved : low is not a well formed command string
5/3/2016 5:57:30 μμ,Commandstring recieved : low
5/3/2016 5:57:30 μμ,The string recieved : low is not a well formed command string
5/3/2016 5:57:31 μμ,Commandstring recieved : low
5/3/2016 5:57:31 μμ,The string recieved : low is not a well formed command string
5/3/2016 5:57:32 μμ,Commandstring recieved : low
5/3/2016 5:57:32 μμ,The string recieved : low is not a well formed command string
5/3/2016 5:57:33 μμ,Commandstring recieved : low
5/3/2016 5:57:33 μμ,The string recieved : low is not a well formed command string
5/3/2016 5:57:34 μμ,Commandstring recieved : low
5/3/2016 5:57:34 μμ,The string recieved : low is not a well formed command string
5/3/2016 5:57:35 μμ,Commandstring recieved : low
5/3/2016 5:57:35 μμ,The string recieved : low is not a well formed command string
5/3/2016 5:57:36 μμ,Commandstring recieved : low
5/3/2016 5:57:36 μμ,The string recieved : low is not a well formed command string
5/3/2016 5:57:37 μμ,Commandstring recieved : low
5/3/2016 5:57:37 μμ,The string recieved : low is not a well formed command string
5/3/2016 5:57:39 μμ,Commandstring recieved : low
5/3/2016 5:57:39 μμ,The string recieved : low is not a well formed command string
5/3/2016 5:57:39 μμ,Commandstring recieved : low
5/3/2016 5:57:39 μμ,The string recieved : low is not a well formed command string
5/3/2016 5:57:40 μμ,Commandstring recieved : low
5/3/2016 5:57:40 μμ,The string recieved : low is not a well formed command string
5/3/2016 5:57:41 μμ,Commandstring recieved : low
5/3/2016 5:57:41 μμ,The string recieved : low is not a well formed command string
5/3/2016 5:57:42 μμ,Commandstring recieved : low
5/3/2016 5:57:42 μμ,The string recieved : low is not a well formed command string
5/3/2016 5:57:43 μμ,Commandstring recieved : low
5/3/2016 5:57:43 μμ,The string recieved : low is not a well formed command string
5/3/2016 5:57:44 μμ,Commandstring recieved : low
5/3/2016 5:57:44 μμ,The string recieved : low is not a well formed command string
5/3/2016 5:57:45 μμ,Commandstring recieved : low
5/3/2016 5:57:45 μμ,The string recieved : low is not a well formed command string
5/3/2016 5:57:46 μμ,Commandstring recieved : low
5/3/2016 5:57:46 μμ,The string recieved : low is not a well formed command string
5/3/2016 5:57:47 μμ,Commandstring recieved : low
5/3/2016 5:57:47 μμ,The string recieved : low is not a well formed command string
5/3/2016 5:57:48 μμ,Commandstring recieved : low
5/3/2016 5:57:48 μμ,The string recieved : low is not a well formed command string
5/3/2016 5:57:49 μμ,Commandstring recieved : low
5/3/2016 5:57:49 μμ,The string recieved : low is not a well formed command string
5/3/2016 5:57:50 μμ,Commandstring recieved : low
5/3/2016 5:57:50 μμ,The string recieved : low is not a well formed command string
5/3/2016 5:57:51 μμ,Commandstring recieved : low
5/3/2016 5:57:51 μμ,The string recieved : low is not a well formed command string
5/3/2016 5:57:52 μμ,Commandstring recieved : low
5/3/2016 5:57:52 μμ,The string recieved : low is not a well formed command string
5/3/2016 5:57:53 μμ,Commandstring recieved : low
5/3/2016 5:57:53 μμ,The string recieved : low is not a well formed command string
5/3/2016 5:57:54 μμ,Commandstring recieved : low
5/3/2016 5:57:54 μμ,The string recieved : low is not a well formed command string
5/3/2016 5:57:55 μμ,Commandstring recieved : low
5/3/2016 5:57:55 μμ,The string recieved : low is not a well formed command string
5/3/2016 5:57:56 μμ,Commandstring recieved : hight
5/3/2016 5:57:56 μμ,The string recieved : hight is not a well formed command string
5/3/2016 5:57:57 μμ,Commandstring recieved : hight
5/3/2016 5:57:57 μμ,The string recieved : hight is not a well formed command string
5/3/2016 5:57:58 μμ,Commandstring recieved : hight
5/3/2016 5:57:58 μμ,The string recieved : hight is not a well formed command string
5/3/2016 5:57:59 μμ,Commandstring recieved : low
5/3/2016 5:57:59 μμ,The string recieved : low is not a well formed command string
5/3/2016 5:58:00 μμ,Commandstring recieved : low
5/3/2016 5:58:00 μμ,The string recieved : low is not a well formed command string
5/3/2016 5:58:01 μμ,Commandstring recieved : low
5/3/2016 5:58:01 μμ,The string recieved : low is not a well formed command string
5/3/2016 5:58:02 μμ,Commandstring recieved : low
5/3/2016 5:58:02 μμ,The string recieved : low is not a well formed command string
5/3/2016 5:58:03 μμ,Commandstring recieved : low
5/3/2016 5:58:03 μμ,The string recieved : low is not a well formed command string
5/3/2016 5:58:04 μμ,Commandstring recieved : low
5/3/2016 5:58:04 μμ,The string recieved : low is not a well formed command string
5/3/2016 5:58:05 μμ,Commandstring recieved : low
5/3/2016 5:58:05 μμ,The string recieved : low is not a well formed command string
5/3/2016 5:58:06 μμ,Commandstring recieved : low
5/3/2016 5:58:06 μμ,The string recieved : low is not a well formed command string
5/3/2016 5:58:07 μμ,Commandstring recieved : low
5/3/2016 5:58:07 μμ,The string recieved : low is not a well formed command string
5/3/2016 5:58:08 μμ,Commandstring recieved : low
5/3/2016 5:58:08 μμ,The string recieved : low is not a well formed command string
5/3/2016 5:58:09 μμ,Commandstring recieved : low
5/3/2016 5:58:09 μμ,The string recieved : low is not a well formed command string
5/3/2016 5:58:10 μμ,Commandstring recieved : low
5/3/2016 5:58:10 μμ,The string recieved : low is not a well formed command string
5/3/2016 5:58:11 μμ,Commandstring recieved : low
5/3/2016 5:58:11 μμ,The string recieved : low is not a well formed command string
5/3/2016 5:58:12 μμ,Commandstring recieved : low
5/3/2016 5:58:12 μμ,The string recieved : low is not a well formed command string
5/3/2016 5:58:13 μμ,Commandstring recieved : low
5/3/2016 5:58:13 μμ,The string recieved : low is not a well formed command string
5/3/2016 5:58:14 μμ,Commandstring recieved : low
5/3/2016 5:58:14 μμ,The string recieved : low is not a well formed command string
5/3/2016 5:58:15 μμ,Commandstring recieved : low
5/3/2016 5:58:15 μμ,The string recieved : low is not a well formed command string
5/3/2016 5:58:16 μμ,Commandstring recieved : low
5/3/2016 5:58:16 μμ,The string recieved : low is not a well formed command string
5/3/2016 5:58:17 μμ,Commandstring recieved : low
5/3/2016 5:58:17 μμ,The string recieved : low is not a well formed command string
5/3/2016 5:58:18 μμ,Commandstring recieved : low
5/3/2016 5:58:18 μμ,The string recieved : low is not a well formed command string
5/3/2016 5:58:19 μμ,Commandstring recieved : low
5/3/2016 5:58:19 μμ,The string recieved : low is not a well formed command string
5/3/2016 5:58:20 μμ,Commandstring recieved : low
5/3/2016 5:58:20 μμ,The string recieved : low is not a well formed command string
5/3/2016 5:58:21 μμ,Commandstring recieved : low
5/3/2016 5:58:21 μμ,The string recieved : low is not a well formed command string
5/3/2016 5:58:22 μμ,Commandstring recieved : low
5/3/2016 5:58:22 μμ,The string recieved : low is not a well formed command string
5/3/2016 5:58:23 μμ,Commandstring recieved : low
5/3/2016 5:58:23 μμ,The string recieved : low is not a well formed command string
5/3/2016 5:58:24 μμ,Commandstring recieved : low
5/3/2016 5:58:24 μμ,The string recieved : low is not a well formed command string
5/3/2016 5:58:25 μμ,Commandstring recieved : low
5/3/2016 5:58:25 μμ,The string recieved : low is not a well formed command string
5/3/2016 5:58:26 μμ,Commandstring recieved : low
5/3/2016 5:58:26 μμ,The string recieved : low is not a well formed command string
5/3/2016 5:58:27 μμ,Commandstring recieved : low
5/3/2016 5:58:27 μμ,The string recieved : low is not a well formed command string
5/3/2016 5:58:28 μμ,Commandstring recieved : low
5/3/2016 5:58:28 μμ,The string recieved : low is not a well formed command string
5/3/2016 5:58:29 μμ,Commandstring recieved : low
5/3/2016 5:58:29 μμ,The string recieved : low is not a well formed command string
5/3/2016 5:58:44 μμ,Serial port : COM7 opened at 9600 baud
5/3/2016 5:58:45 μμ,Commandstring recieved : low
5/3/2016 5:58:45 μμ,The string recieved : low is not a well formed command string
5/3/2016 5:58:46 μμ,Commandstring recieved : low
5/3/2016 5:58:46 μμ,The string recieved : low is not a well formed command string
5/3/2016 5:58:47 μμ,Commandstring recieved : low
5/3/2016 5:58:47 μμ,The string recieved : low is not a well formed command string
5/3/2016 5:58:48 μμ,Commandstring recieved : low
5/3/2016 5:58:48 μμ,The string recieved : low is not a well formed command string
5/3/2016 5:58:49 μμ,Commandstring recieved : low
5/3/2016 5:58:49 μμ,The string recieved : low is not a well formed command string
5/3/2016 5:58:50 μμ,Commandstring recieved : low
5/3/2016 5:58:50 μμ,The string recieved : low is not a well formed command string
5/3/2016 5:58:51 μμ,Commandstring recieved : low
5/3/2016 5:58:51 μμ,The string recieved : low is not a well formed command string
5/3/2016 5:58:52 μμ,Commandstring recieved : low
5/3/2016 5:58:52 μμ,The string recieved : low is not a well formed command string
5/3/2016 5:58:53 μμ,Commandstring recieved : low
5/3/2016 5:58:53 μμ,The string recieved : low is not a well formed command string
5/3/2016 5:58:54 μμ,Commandstring recieved : low
5/3/2016 5:58:54 μμ,The string recieved : low is not a well formed command string
5/3/2016 5:58:55 μμ,Commandstring recieved : low
5/3/2016 5:58:55 μμ,The string recieved : low is not a well formed command string
5/3/2016 5:58:56 μμ,Commandstring recieved : low
5/3/2016 5:58:56 μμ,The string recieved : low is not a well formed command string
5/3/2016 5:58:57 μμ,Commandstring recieved : low
5/3/2016 5:58:57 μμ,The string recieved : low is not a well formed command string
5/3/2016 5:58:58 μμ,Commandstring recieved : low
5/3/2016 5:58:58 μμ,The string recieved : low is not a well formed command string
5/3/2016 5:58:59 μμ,Commandstring recieved : low
5/3/2016 5:58:59 μμ,The string recieved : low is not a well formed command string
5/3/2016 5:59:00 μμ,Commandstring recieved : low
5/3/2016 5:59:00 μμ,The string recieved : low is not a well formed command string
5/3/2016 5:59:01 μμ,Commandstring recieved : low
5/3/2016 5:59:01 μμ,The string recieved : low is not a well formed command string
5/3/2016 5:59:02 μμ,Commandstring recieved : low
5/3/2016 5:59:02 μμ,The string recieved : low is not a well formed command string
5/3/2016 5:59:03 μμ,Commandstring recieved : low
5/3/2016 5:59:03 μμ,The string recieved : low is not a well formed command string
5/3/2016 5:59:04 μμ,Commandstring recieved : low
5/3/2016 5:59:04 μμ,The string recieved : low is not a well formed command string
5/3/2016 5:59:05 μμ,Commandstring recieved : low
5/3/2016 5:59:05 μμ,The string recieved : low is not a well formed command string
5/3/2016 5:59:06 μμ,Commandstring recieved : low
5/3/2016 5:59:06 μμ,The string recieved : low is not a well formed command string
5/3/2016 5:59:07 μμ,Commandstring recieved : low
5/3/2016 5:59:07 μμ,The string recieved : low is not a well formed command string
5/3/2016 5:59:08 μμ,Commandstring recieved : low
5/3/2016 5:59:08 μμ,The string recieved : low is not a well formed command string
5/3/2016 5:59:09 μμ,Commandstring recieved : low
5/3/2016 5:59:09 μμ,The string recieved : low is not a well formed command string
5/3/2016 5:59:10 μμ,Commandstring recieved : low
5/3/2016 5:59:10 μμ,The string recieved : low is not a well formed command string
5/3/2016 5:59:11 μμ,Commandstring recieved : low
5/3/2016 5:59:11 μμ,The string recieved : low is not a well formed command string
5/3/2016 5:59:12 μμ,Commandstring recieved : low
5/3/2016 5:59:12 μμ,The string recieved : low is not a well formed command string
5/3/2016 5:59:13 μμ,Commandstring recieved : low
5/3/2016 5:59:13 μμ,The string recieved : low is not a well formed command string
5/3/2016 5:59:14 μμ,Commandstring recieved : low
5/3/2016 5:59:14 μμ,The string recieved : low is not a well formed command string
5/3/2016 5:59:15 μμ,Commandstring recieved : low
5/3/2016 5:59:15 μμ,The string recieved : low is not a well formed command string
5/3/2016 5:59:16 μμ,Commandstring recieved : low
5/3/2016 5:59:16 μμ,The string recieved : low is not a well formed command string
5/3/2016 5:59:17 μμ,Commandstring recieved : #S|CODEBANK|[AVGENAKIS]#
5/3/2016 5:59:17 μμ,Command parsed OK
5/3/2016 5:59:17 μμ,Executing command : CODEBANK
5/3/2016 5:59:18 μμ,Data logged to C:\Users\avgenakis giwrgos\Desktop\codeBank.txt
5/3/2016 5:59:18 μμ,Commandstring recieved : #S|CODEBANK|[AVGENAKIS]#
5/3/2016 5:59:18 μμ,Command parsed OK
5/3/2016 5:59:18 μμ,Executing command : CODEBANK
5/3/2016 5:59:18 μμ,Data logged to C:\Users\avgenakis giwrgos\Desktop\codeBank.txt
5/3/2016 5:59:19 μμ,Commandstring recieved : #S|CODEBANK|[AVGENAKIS]#
5/3/2016 5:59:19 μμ,Command parsed OK
5/3/2016 5:59:19 μμ,Executing command : CODEBANK
5/3/2016 5:59:19 μμ,Data logged to C:\Users\avgenakis giwrgos\Desktop\codeBank.txt
5/3/2016 5:59:20 μμ,Commandstring recieved : low
5/3/2016 5:59:20 μμ,The string recieved : low is not a well formed command string
5/3/2016 5:59:21 μμ,Commandstring recieved : #S|CODEBANK|[AVGENAKIS]#
5/3/2016 5:59:21 μμ,Command parsed OK
5/3/2016 5:59:21 μμ,Executing command : CODEBANK
5/3/2016 5:59:21 μμ,Data logged to C:\Users\avgenakis giwrgos\Desktop\codeBank.txt
5/3/2016 5:59:22 μμ,Commandstring recieved : #S|CODEBANK|[AVGENAKIS]#
5/3/2016 5:59:22 μμ,Command parsed OK
5/3/2016 5:59:22 μμ,Executing command : CODEBANK
5/3/2016 5:59:22 μμ,Data logged to C:\Users\avgenakis giwrgos\Desktop\codeBank.txt
5/3/2016 5:59:23 μμ,Commandstring recieved : #S|CODEBANK|[AVGENAKIS]#
5/3/2016 5:59:23 μμ,Command parsed OK
5/3/2016 5:59:23 μμ,Executing command : CODEBANK
5/3/2016 5:59:23 μμ,Data logged to C:\Users\avgenakis giwrgos\Desktop\codeBank.txt
5/3/2016 5:59:24 μμ,Commandstring recieved : #S|CODEBANK|[AVGENAKIS]#
5/3/2016 5:59:24 μμ,Command parsed OK
5/3/2016 5:59:24 μμ,Executing command : CODEBANK
5/3/2016 5:59:24 μμ,Data logged to C:\Users\avgenakis giwrgos\Desktop\codeBank.txt
5/3/2016 5:59:25 μμ,Commandstring recieved : #S|CODEBANK|[AVGENAKIS]#
5/3/2016 5:59:25 μμ,Command parsed OK
5/3/2016 5:59:25 μμ,Executing command : CODEBANK
5/3/2016 5:59:25 μμ,Data logged to C:\Users\avgenakis giwrgos\Desktop\codeBank.txt
5/3/2016 5:59:26 μμ,Commandstring recieved : low
5/3/2016 5:59:26 μμ,The string recieved : low is not a well formed command string
5/3/2016 5:59:27 μμ,Commandstring recieved : low
5/3/2016 5:59:27 μμ,The string recieved : low is not a well formed command string
5/3/2016 5:59:28 μμ,Commandstring recieved : low
5/3/2016 5:59:28 μμ,The string recieved : low is not a well formed command string
5/3/2016 5:59:29 μμ,Commandstring recieved : low
5/3/2016 5:59:29 μμ,The string recieved : low is not a well formed command string
5/3/2016 5:59:30 μμ,Commandstring recieved : low
5/3/2016 5:59:30 μμ,The string recieved : low is not a well formed command string
5/3/2016 5:59:31 μμ,Commandstring recieved : low
5/3/2016 5:59:31 μμ,The string recieved : low is not a well formed command string
5/3/2016 5:59:32 μμ,Commandstring recieved : low
5/3/2016 5:59:32 μμ,The string recieved : low is not a well formed command string
5/3/2016 5:59:33 μμ,Commandstring recieved : low
5/3/2016 5:59:33 μμ,The string recieved : low is not a well formed command string
5/3/2016 5:59:34 μμ,Commandstring recieved : #S|CODEBANK|[AVGENAKIS]#
5/3/2016 5:59:34 μμ,Command parsed OK
5/3/2016 5:59:34 μμ,Executing command : CODEBANK
5/3/2016 5:59:34 μμ,Data logged to C:\Users\avgenakis giwrgos\Desktop\codeBank.txt
5/3/2016 5:59:35 μμ,Commandstring recieved : low
5/3/2016 5:59:35 μμ,The string recieved : low is not a well formed command string
5/3/2016 5:59:36 μμ,Commandstring recieved : #S|CODEBANK|[AVGENAKIS]#
5/3/2016 5:59:36 μμ,Command parsed OK
5/3/2016 5:59:36 μμ,Executing command : CODEBANK
5/3/2016 5:59:36 μμ,Data logged to C:\Users\avgenakis giwrgos\Desktop\codeBank.txt
5/3/2016 5:59:37 μμ,Commandstring recieved : #S|CODEBANK|[AVGENAKIS]#
5/3/2016 5:59:37 μμ,Command parsed OK
5/3/2016 5:59:37 μμ,Executing command : CODEBANK
5/3/2016 5:59:37 μμ,Data logged to C:\Users\avgenakis giwrgos\Desktop\codeBank.txt
5/3/2016 5:59:38 μμ,Commandstring recieved : low
5/3/2016 5:59:38 μμ,The string recieved : low is not a well formed command string
5/3/2016 5:59:39 μμ,Commandstring recieved : low
5/3/2016 5:59:39 μμ,The string recieved : low is not a well formed command string
5/3/2016 5:59:40 μμ,Commandstring recieved : low
5/3/2016 5:59:40 μμ,The string recieved : low is not a well formed command string
5/3/2016 6:03:01 μμ,Serial port : COM7 opened at 9600 baud
5/3/2016 6:03:03 μμ,Commandstring recieved : #S|CODEBANK|[AVGENAKIS]#
5/3/2016 6:03:03 μμ,Command parsed OK
5/3/2016 6:03:03 μμ,Executing command : CODEBANK
5/3/2016 6:03:03 μμ,Data logged to C:\Users\avgenakis giwrgos\Desktop\codeBank.txt
5/3/2016 6:03:04 μμ,Commandstring recieved : low
5/3/2016 6:03:04 μμ,The string recieved : low is not a well formed command string
5/3/2016 6:03:05 μμ,Commandstring recieved : low
5/3/2016 6:03:05 μμ,The string recieved : low is not a well formed command string
5/3/2016 6:03:06 μμ,Commandstring recieved : #S|CODEBANK|[AVGENAKIS]#
5/3/2016 6:03:06 μμ,Command parsed OK
5/3/2016 6:03:06 μμ,Executing command : CODEBANK
5/3/2016 6:03:06 μμ,Data logged to C:\Users\avgenakis giwrgos\Desktop\codeBank.txt
5/3/2016 6:03:07 μμ,Commandstring recieved : #S|CODEBANK|[AVGENAKIS]#
5/3/2016 6:03:07 μμ,Command parsed OK
5/3/2016 6:03:07 μμ,Executing command : CODEBANK
5/3/2016 6:03:07 μμ,Data logged to C:\Users\avgenakis giwrgos\Desktop\codeBank.txt
5/3/2016 6:03:08 μμ,Commandstring recieved : low
5/3/2016 6:03:08 μμ,The string recieved : low is not a well formed command string
5/3/2016 6:03:09 μμ,Commandstring recieved : low
5/3/2016 6:03:09 μμ,The string recieved : low is not a well formed command string
5/3/2016 6:03:10 μμ,Commandstring recieved : low
5/3/2016 6:03:10 μμ,The string recieved : low is not a well formed command string
5/3/2016 6:03:11 μμ,Commandstring recieved : low
5/3/2016 6:03:11 μμ,The string recieved : low is not a well formed command string
5/3/2016 6:03:12 μμ,Commandstring recieved : low
5/3/2016 6:03:12 μμ,The string recieved : low is not a well formed command string
5/3/2016 6:03:13 μμ,Commandstring recieved : low
5/3/2016 6:03:13 μμ,The string recieved : low is not a well formed command string
5/3/2016 6:03:14 μμ,Commandstring recieved : #S|CODEBANK|[AVGENAKIS]#
5/3/2016 6:03:14 μμ,Command parsed OK
5/3/2016 6:03:14 μμ,Executing command : CODEBANK
5/3/2016 6:03:14 μμ,Data logged to C:\Users\avgenakis giwrgos\Desktop\codeBank.txt
5/3/2016 6:03:15 μμ,Commandstring recieved : #S|CODEBANK|[AVGENAKIS]#
5/3/2016 6:03:15 μμ,Command parsed OK
5/3/2016 6:03:15 μμ,Executing command : CODEBANK
5/3/2016 6:03:15 μμ,Data logged to C:\Users\avgenakis giwrgos\Desktop\codeBank.txt
5/3/2016 6:03:16 μμ,Commandstring recieved : #S|CODEBANK|[AVGENAKIS]#
5/3/2016 6:03:16 μμ,Command parsed OK
5/3/2016 6:03:16 μμ,Executing command : CODEBANK
5/3/2016 6:03:16 μμ,Data logged to C:\Users\avgenakis giwrgos\Desktop\codeBank.txt
5/3/2016 6:03:17 μμ,Commandstring recieved : #S|CODEBANK|[AVGENAKIS]#
5/3/2016 6:03:17 μμ,Command parsed OK
5/3/2016 6:03:17 μμ,Executing command : CODEBANK
5/3/2016 6:03:17 μμ,Data logged to C:\Users\avgenakis giwrgos\Desktop\codeBank.txt
5/3/2016 6:03:18 μμ,Commandstring recieved : #S|CODEBANK|[AVGENAKIS]#
5/3/2016 6:03:18 μμ,Command parsed OK
5/3/2016 6:03:18 μμ,Executing command : CODEBANK
5/3/2016 6:03:18 μμ,Data logged to C:\Users\avgenakis giwrgos\Desktop\codeBank.txt
5/3/2016 6:03:19 μμ,Commandstring recieved : low
5/3/2016 6:03:19 μμ,The string recieved : low is not a well formed command string
5/3/2016 6:03:20 μμ,Commandstring recieved : low
5/3/2016 6:03:20 μμ,The string recieved : low is not a well formed command string
5/3/2016 6:03:21 μμ,Commandstring recieved : #S|CODEBANK|[AVGENAKIS]#
5/3/2016 6:03:21 μμ,Command parsed OK
5/3/2016 6:03:21 μμ,Executing command : CODEBANK
5/3/2016 6:03:21 μμ,Data logged to C:\Users\avgenakis giwrgos\Desktop\codeBank.txt
5/3/2016 6:20:01 μμ,Serial port : COM7 opened at 9600 baud
5/3/2016 6:20:03 μμ,Commandstring recieved : #S|CODEBANK|[AVGENAKIS]#
5/3/2016 6:20:03 μμ,Command parsed OK
5/3/2016 6:20:03 μμ,Executing command : CODEBANK
5/3/2016 6:20:03 μμ,Data logged to C:\Users\avgenakis giwrgos\Desktop\codeBank.txt
5/3/2016 6:20:04 μμ,Commandstring recieved : #S|CODEBANK|[AVGENAKIS]#
5/3/2016 6:20:04 μμ,Command parsed OK
5/3/2016 6:20:04 μμ,Executing command : CODEBANK
5/3/2016 6:20:04 μμ,Data logged to C:\Users\avgenakis giwrgos\Desktop\codeBank.txt
5/3/2016 6:20:05 μμ,Commandstring recieved : #S|CODEBANK|[AVGENAKIS]#
5/3/2016 6:20:05 μμ,Command parsed OK
5/3/2016 6:20:05 μμ,Executing command : CODEBANK
5/3/2016 6:20:05 μμ,Data logged to C:\Users\avgenakis giwrgos\Desktop\codeBank.txt
5/3/2016 6:20:06 μμ,Commandstring recieved : #S|CODEBANK|[AVGENAKIS]#
5/3/2016 6:20:06 μμ,Command parsed OK
5/3/2016 6:20:06 μμ,Executing command : CODEBANK
5/3/2016 6:20:06 μμ,Data logged to C:\Users\avgenakis giwrgos\Desktop\codeBank.txt
5/3/2016 6:20:07 μμ,Commandstring recieved : #S|CODEBANK|[AVGENAKIS]#
5/3/2016 6:20:07 μμ,Command parsed OK
5/3/2016 6:20:07 μμ,Executing command : CODEBANK
5/3/2016 6:20:07 μμ,Data logged to C:\Users\avgenakis giwrgos\Desktop\codeBank.txt
5/3/2016 6:20:08 μμ,Commandstring recieved : #S|CODEBANK|[AVGENAKIS]#
5/3/2016 6:20:08 μμ,Command parsed OK
5/3/2016 6:20:08 μμ,Executing command : CODEBANK
5/3/2016 6:20:08 μμ,Data logged to C:\Users\avgenakis giwrgos\Desktop\codeBank.txt
5/3/2016 6:20:09 μμ,Commandstring recieved : #S|CODEBANK|[AVGENAKIS]#
5/3/2016 6:20:09 μμ,Command parsed OK
5/3/2016 6:20:09 μμ,Executing command : CODEBANK
5/3/2016 6:20:09 μμ,Data logged to C:\Users\avgenakis giwrgos\Desktop\codeBank.txt
5/3/2016 6:20:10 μμ,Commandstring recieved : #S|CODEBANK|[AVGENAKIS]#
5/3/2016 6:20:10 μμ,Command parsed OK
5/3/2016 6:20:10 μμ,Executing command : CODEBANK
5/3/2016 6:20:10 μμ,Data logged to C:\Users\avgenakis giwrgos\Desktop\codeBank.txt
5/3/2016 6:20:11 μμ,Commandstring recieved : #S|CODEBANK|[AVGENAKIS]#
5/3/2016 6:20:11 μμ,Command parsed OK
5/3/2016 6:20:11 μμ,Executing command : CODEBANK
5/3/2016 6:20:11 μμ,Data logged to C:\Users\avgenakis giwrgos\Desktop\codeBank.txt
5/3/2016 6:20:12 μμ,Commandstring recieved : #S|CODEBANK|[AVGENAKIS]#
5/3/2016 6:20:12 μμ,Command parsed OK
5/3/2016 6:20:12 μμ,Executing command : CODEBANK
5/3/2016 6:20:12 μμ,Data logged to C:\Users\avgenakis giwrgos\Desktop\codeBank.txt
5/3/2016 6:20:13 μμ,Commandstring recieved : #S|CODEBANK|[AVGENAKIS]#
5/3/2016 6:20:13 μμ,Command parsed OK
5/3/2016 6:20:13 μμ,Executing command : CODEBANK
5/3/2016 6:20:13 μμ,Data logged to C:\Users\avgenakis giwrgos\Desktop\codeBank.txt
5/3/2016 6:20:14 μμ,Commandstring recieved : #S|CODEBANK|[AVGENAKIS]#
5/3/2016 6:20:14 μμ,Command parsed OK
5/3/2016 6:20:14 μμ,Executing command : CODEBANK
5/3/2016 6:20:14 μμ,Data logged to C:\Users\avgenakis giwrgos\Desktop\codeBank.txt
5/3/2016 6:20:15 μμ,Commandstring recieved : #S|CODEBANK|[AVGENAKIS]#
5/3/2016 6:20:15 μμ,Command parsed OK
5/3/2016 6:20:15 μμ,Executing command : CODEBANK
5/3/2016 6:20:15 μμ,Data logged to C:\Users\avgenakis giwrgos\Desktop\codeBank.txt
5/3/2016 6:20:16 μμ,Commandstring recieved : #S|CODEBANK|[AVGENAKIS]#
5/3/2016 6:20:16 μμ,Command parsed OK
5/3/2016 6:20:16 μμ,Executing command : CODEBANK
5/3/2016 6:20:16 μμ,Data logged to C:\Users\avgenakis giwrgos\Desktop\codeBank.txt
5/3/2016 6:20:17 μμ,Commandstring recieved : #S|CODEBANK|[AVGENAKIS]#
5/3/2016 6:20:17 μμ,Command parsed OK
5/3/2016 6:20:17 μμ,Executing command : CODEBANK
5/3/2016 6:20:17 μμ,Data logged to C:\Users\avgenakis giwrgos\Desktop\codeBank.txt
5/3/2016 6:20:18 μμ,Commandstring recieved : #S|CODEBANK|[AVGENAKIS]#
5/3/2016 6:20:18 μμ,Command parsed OK
5/3/2016 6:20:18 μμ,Executing command : CODEBANK
5/3/2016 6:20:18 μμ,Data logged to C:\Users\avgenakis giwrgos\Desktop\codeBank.txt
5/3/2016 6:20:19 μμ,Commandstring recieved : #S|CODEBANK|[AVGENAKIS]#
5/3/2016 6:20:19 μμ,Command parsed OK
5/3/2016 6:20:19 μμ,Executing command : CODEBANK
5/3/2016 6:20:19 μμ,Data logged to C:\Users\avgenakis giwrgos\Desktop\codeBank.txt
5/3/2016 6:20:20 μμ,Commandstring recieved : #S|CODEBANK|[AVGENAKIS]#
5/3/2016 6:20:20 μμ,Command parsed OK
5/3/2016 6:20:20 μμ,Executing command : CODEBANK
5/3/2016 6:20:20 μμ,Data logged to C:\Users\avgenakis giwrgos\Desktop\codeBank.txt
5/3/2016 6:20:21 μμ,Commandstring recieved : #S|CODEBANK|[AVGENAKIS]#
5/3/2016 6:20:21 μμ,Command parsed OK
5/3/2016 6:20:21 μμ,Executing command : CODEBANK
5/3/2016 6:20:21 μμ,Data logged to C:\Users\avgenakis giwrgos\Desktop\codeBank.txt
5/3/2016 6:20:22 μμ,Commandstring recieved : #S|CODEBANK|[AVGENAKIS]#
5/3/2016 6:20:22 μμ,Command parsed OK
5/3/2016 6:20:22 μμ,Executing command : CODEBANK
5/3/2016 6:20:22 μμ,Data logged to C:\Users\avgenakis giwrgos\Desktop\codeBank.txt
5/3/2016 6:20:23 μμ,Commandstring recieved : #S|CODEBANK|[AVGENAKIS]#
5/3/2016 6:20:23 μμ,Command parsed OK
5/3/2016 6:20:23 μμ,Executing command : CODEBANK
5/3/2016 6:20:23 μμ,Data logged to C:\Users\avgenakis giwrgos\Desktop\codeBank.txt
5/3/2016 6:20:24 μμ,Commandstring recieved : #S|CODEBANK|[AVGENAKIS]#
5/3/2016 6:20:24 μμ,Command parsed OK
5/3/2016 6:20:24 μμ,Executing command : CODEBANK
5/3/2016 6:20:24 μμ,Data logged to C:\Users\avgenakis giwrgos\Desktop\codeBank.txt
5/3/2016 6:20:25 μμ,Commandstring recieved : #S|CODEBANK|[AVGENAKIS]#
5/3/2016 6:20:25 μμ,Command parsed OK
5/3/2016 6:20:25 μμ,Executing command : CODEBANK
5/3/2016 6:20:25 μμ,Data logged to C:\Users\avgenakis giwrgos\Desktop\codeBank.txt
5/3/2016 6:20:26 μμ,Commandstring recieved : #S|CODEBANK|[AVGENAKIS]#
5/3/2016 6:20:26 μμ,Command parsed OK
5/3/2016 6:20:26 μμ,Executing command : CODEBANK
5/3/2016 6:20:26 μμ,Data logged to C:\Users\avgenakis giwrgos\Desktop\codeBank.txt
5/3/2016 6:20:27 μμ,Commandstring recieved : #S|CODEBANK|[AVGENAKIS]#
5/3/2016 6:20:27 μμ,Command parsed OK
5/3/2016 6:20:27 μμ,Executing command : CODEBANK
5/3/2016 6:20:27 μμ,Data logged to C:\Users\avgenakis giwrgos\Desktop\codeBank.txt
5/3/2016 6:20:28 μμ,Commandstring recieved : #S|CODEBANK|[AVGENAKIS]#
5/3/2016 6:20:28 μμ,Command parsed OK
5/3/2016 6:20:28 μμ,Executing command : CODEBANK
5/3/2016 6:20:28 μμ,Data logged to C:\Users\avgenakis giwrgos\Desktop\codeBank.txt
5/3/2016 6:20:29 μμ,Commandstring recieved : #S|CODEBANK|[AVGENAKIS]#
5/3/2016 6:20:29 μμ,Command parsed OK
5/3/2016 6:20:29 μμ,Executing command : CODEBANK
5/3/2016 6:20:29 μμ,Data logged to C:\Users\avgenakis giwrgos\Desktop\codeBank.txt
5/3/2016 6:20:30 μμ,Commandstring recieved : #S|CODEBANK|[AVGENAKIS]#
5/3/2016 6:20:30 μμ,Command parsed OK
5/3/2016 6:20:30 μμ,Executing command : CODEBANK
5/3/2016 6:20:30 μμ,Data logged to C:\Users\avgenakis giwrgos\Desktop\codeBank.txt
5/3/2016 6:20:31 μμ,Commandstring recieved : #S|CODEBANK|[AVGENAKIS]#
5/3/2016 6:20:31 μμ,Command parsed OK
5/3/2016 6:20:31 μμ,Executing command : CODEBANK
5/3/2016 6:20:31 μμ,Data logged to C:\Users\avgenakis giwrgos\Desktop\codeBank.txt
5/3/2016 6:20:32 μμ,Commandstring recieved : #S|CODEBANK|[AVGENAKIS]#
5/3/2016 6:20:32 μμ,Command parsed OK
5/3/2016 6:20:32 μμ,Executing command : CODEBANK
5/3/2016 6:20:32 μμ,Data logged to C:\Users\avgenakis giwrgos\Desktop\codeBank.txt
5/3/2016 6:20:33 μμ,Commandstring recieved : #S|CODEBANK|[AVGENAKIS]#
5/3/2016 6:20:33 μμ,Command parsed OK
5/3/2016 6:20:33 μμ,Executing command : CODEBANK
5/3/2016 6:20:33 μμ,Data logged to C:\Users\avgenakis giwrgos\Desktop\codeBank.txt
5/3/2016 6:20:34 μμ,Commandstring recieved : #S|CODEBANK|[AVGENAKIS]#
5/3/2016 6:20:34 μμ,Command parsed OK
5/3/2016 6:20:34 μμ,Executing command : CODEBANK
5/3/2016 6:20:34 μμ,Data logged to C:\Users\avgenakis giwrgos\Desktop\codeBank.txt
5/3/2016 6:20:35 μμ,Commandstring recieved : #S|CODEBANK|[AVGENAKIS]#
5/3/2016 6:20:35 μμ,Command parsed OK
5/3/2016 6:20:35 μμ,Executing command : CODEBANK
5/3/2016 6:20:35 μμ,Data logged to C:\Users\avgenakis giwrgos\Desktop\codeBank.txt
5/3/2016 6:20:36 μμ,Commandstring recieved : #S|CODEBANK|[AVGENAKIS]#
5/3/2016 6:20:36 μμ,Command parsed OK
5/3/2016 6:20:36 μμ,Executing command : CODEBANK
5/3/2016 6:20:36 μμ,Data logged to C:\Users\avgenakis giwrgos\Desktop\codeBank.txt
5/3/2016 6:20:37 μμ,Commandstring recieved : #S|CODEBANK|[AVGENAKIS]#
5/3/2016 6:20:37 μμ,Command parsed OK
5/3/2016 6:20:37 μμ,Executing command : CODEBANK
5/3/2016 6:20:37 μμ,Data logged to C:\Users\avgenakis giwrgos\Desktop\codeBank.txt
5/3/2016 6:20:38 μμ,Commandstring recieved : #S|CODEBANK|[AVGENAKIS]#
5/3/2016 6:20:38 μμ,Command parsed OK
5/3/2016 6:20:38 μμ,Executing command : CODEBANK
5/3/2016 6:20:38 μμ,Data logged to C:\Users\avgenakis giwrgos\Desktop\codeBank.txt
5/3/2016 6:20:39 μμ,Commandstring recieved : #S|CODEBANK|[AVGENAKIS]#
5/3/2016 6:20:39 μμ,Command parsed OK
5/3/2016 6:20:39 μμ,Executing command : CODEBANK
5/3/2016 6:20:39 μμ,Data logged to C:\Users\avgenakis giwrgos\Desktop\codeBank.txt
5/3/2016 6:20:40 μμ,Commandstring recieved : #S|CODEBANK|[AVGENAKIS]#
5/3/2016 6:20:40 μμ,Command parsed OK
5/3/2016 6:20:40 μμ,Executing command : CODEBANK
5/3/2016 6:20:40 μμ,Data logged to C:\Users\avgenakis giwrgos\Desktop\codeBank.txt
5/3/2016 6:20:41 μμ,Commandstring recieved : low
5/3/2016 6:20:41 μμ,The string recieved : low is not a well formed command string
5/3/2016 6:20:42 μμ,Commandstring recieved : low
5/3/2016 6:20:42 μμ,The string recieved : low is not a well formed command string
5/3/2016 6:20:43 μμ,Commandstring recieved : low
5/3/2016 6:20:43 μμ,The string recieved : low is not a well formed command string
5/3/2016 6:20:44 μμ,Commandstring recieved : low
5/3/2016 6:20:44 μμ,The string recieved : low is not a well formed command string
5/3/2016 6:20:45 μμ,Commandstring recieved : low
5/3/2016 6:20:45 μμ,The string recieved : low is not a well formed command string
5/3/2016 6:20:46 μμ,Commandstring recieved : low
5/3/2016 6:20:46 μμ,The string recieved : low is not a well formed command string
5/3/2016 6:20:47 μμ,Commandstring recieved : low
5/3/2016 6:20:47 μμ,The string recieved : low is not a well formed command string
5/3/2016 6:20:48 μμ,Commandstring recieved : low
5/3/2016 6:20:48 μμ,The string recieved : low is not a well formed command string
5/3/2016 6:20:49 μμ,Commandstring recieved : low
5/3/2016 6:20:49 μμ,The string recieved : low is not a well formed command string
5/3/2016 6:20:50 μμ,Commandstring recieved : low
5/3/2016 6:20:50 μμ,The string recieved : low is not a well formed command string
5/3/2016 6:20:51 μμ,Commandstring recieved : low
5/3/2016 6:20:51 μμ,The string recieved : low is not a well formed command string
5/3/2016 6:20:52 μμ,Commandstring recieved : low
5/3/2016 6:20:52 μμ,The string recieved : low is not a well formed command string
5/3/2016 6:20:53 μμ,Commandstring recieved : low
5/3/2016 6:20:53 μμ,The string recieved : low is not a well formed command string
5/3/2016 6:20:54 μμ,Commandstring recieved : low
5/3/2016 6:20:54 μμ,The string recieved : low is not a well formed command string
5/3/2016 6:20:55 μμ,Commandstring recieved : low
5/3/2016 6:20:55 μμ,The string recieved : low is not a well formed command string
5/3/2016 6:20:56 μμ,Commandstring recieved : low
5/3/2016 6:20:56 μμ,The string recieved : low is not a well formed command string
5/3/2016 6:20:57 μμ,Commandstring recieved : low
5/3/2016 6:20:57 μμ,The string recieved : low is not a well formed command string
5/3/2016 6:20:58 μμ,Commandstring recieved : low
5/3/2016 6:20:58 μμ,The string recieved : low is not a well formed command string
5/3/2016 6:20:59 μμ,Commandstring recieved : #S|CODEBANK|[AVGENAKIS]#
5/3/2016 6:20:59 μμ,Command parsed OK
5/3/2016 6:20:59 μμ,Executing command : CODEBANK
5/3/2016 6:20:59 μμ,Data logged to C:\Users\avgenakis giwrgos\Desktop\codeBank.txt
5/3/2016 6:21:00 μμ,Commandstring recieved : low
5/3/2016 6:21:00 μμ,The string recieved : low is not a well formed command string
5/3/2016 6:21:01 μμ,Commandstring recieved : #S|CODEBANK|[AVGENAKIS]#
5/3/2016 6:21:01 μμ,Command parsed OK
5/3/2016 6:21:01 μμ,Executing command : CODEBANK
5/3/2016 6:21:01 μμ,Data logged to C:\Users\avgenakis giwrgos\Desktop\codeBank.txt
5/3/2016 6:21:02 μμ,Commandstring recieved : #S|CODEBANK|[AVGENAKIS]#
5/3/2016 6:21:02 μμ,Command parsed OK
5/3/2016 6:21:02 μμ,Executing command : CODEBANK
5/3/2016 6:21:02 μμ,Data logged to C:\Users\avgenakis giwrgos\Desktop\codeBank.txt
5/3/2016 6:21:03 μμ,Commandstring recieved : low
5/3/2016 6:21:03 μμ,The string recieved : low is not a well formed command string
5/3/2016 6:21:04 μμ,Commandstring recieved : #S|CODEBANK|[AVGENAKIS]#
5/3/2016 6:21:04 μμ,Command parsed OK
5/3/2016 6:21:04 μμ,Executing command : CODEBANK
5/3/2016 6:21:04 μμ,Data logged to C:\Users\avgenakis giwrgos\Desktop\codeBank.txt
5/3/2016 6:21:05 μμ,Commandstring recieved : #S|CODEBANK|[AVGENAKIS]#
5/3/2016 6:21:05 μμ,Command parsed OK
5/3/2016 6:21:05 μμ,Executing command : CODEBANK
5/3/2016 6:21:05 μμ,Data logged to C:\Users\avgenakis giwrgos\Desktop\codeBank.txt
5/3/2016 6:21:06 μμ,Commandstring recieved : #S|CODEBANK|[AVGENAKIS]#
5/3/2016 6:21:06 μμ,Command parsed OK
5/3/2016 6:21:06 μμ,Executing command : CODEBANK
5/3/2016 6:21:06 μμ,Data logged to C:\Users\avgenakis giwrgos\Desktop\codeBank.txt
5/3/2016 6:21:07 μμ,Commandstring recieved : #S|CODEBANK|[AVGENAKIS]#
5/3/2016 6:21:07 μμ,Command parsed OK
5/3/2016 6:21:07 μμ,Executing command : CODEBANK
5/3/2016 6:21:07 μμ,Data logged to C:\Users\avgenakis giwrgos\Desktop\codeBank.txt
5/3/2016 6:21:08 μμ,Commandstring recieved : #S|CODEBANK|[AVGENAKIS]#
5/3/2016 6:21:08 μμ,Command parsed OK
5/3/2016 6:21:08 μμ,Executing command : CODEBANK
5/3/2016 6:21:08 μμ,Data logged to C:\Users\avgenakis giwrgos\Desktop\codeBank.txt
5/3/2016 6:21:09 μμ,Commandstring recieved : #S|CODEBANK|[AVGENAKIS]#
5/3/2016 6:21:09 μμ,Command parsed OK
5/3/2016 6:21:09 μμ,Executing command : CODEBANK
5/3/2016 6:21:09 μμ,Data logged to C:\Users\avgenakis giwrgos\Desktop\codeBank.txt
5/3/2016 6:21:10 μμ,Commandstring recieved : #S|CODEBANK|[AVGENAKIS]#
5/3/2016 6:21:10 μμ,Command parsed OK
5/3/2016 6:21:10 μμ,Executing command : CODEBANK
5/3/2016 6:21:10 μμ,Data logged to C:\Users\avgenakis giwrgos\Desktop\codeBank.txt
5/3/2016 6:21:11 μμ,Commandstring recieved : #S|CODEBANK|[AVGENAKIS]#
5/3/2016 6:21:11 μμ,Command parsed OK
5/3/2016 6:21:11 μμ,Executing command : CODEBANK
5/3/2016 6:21:11 μμ,Data logged to C:\Users\avgenakis giwrgos\Desktop\codeBank.txt
5/3/2016 6:21:12 μμ,Commandstring recieved : #S|CODEBANK|[AVGENAKIS]#
5/3/2016 6:21:12 μμ,Command parsed OK
5/3/2016 6:21:12 μμ,Executing command : CODEBANK
5/3/2016 6:21:12 μμ,Data logged to C:\Users\avgenakis giwrgos\Desktop\codeBank.txt
5/3/2016 6:21:13 μμ,Commandstring recieved : #S|CODEBANK|[AVGENAKIS]#
5/3/2016 6:21:13 μμ,Command parsed OK
5/3/2016 6:21:13 μμ,Executing command : CODEBANK
5/3/2016 6:21:13 μμ,Data logged to C:\Users\avgenakis giwrgos\Desktop\codeBank.txt
5/3/2016 6:21:14 μμ,Commandstring recieved : #S|CODEBANK|[AVGENAKIS]#
5/3/2016 6:21:14 μμ,Command parsed OK
5/3/2016 6:21:14 μμ,Executing command : CODEBANK
5/3/2016 6:21:14 μμ,Data logged to C:\Users\avgenakis giwrgos\Desktop\codeBank.txt
5/3/2016 6:21:15 μμ,Commandstring recieved : #S|CODEBANK|[AVGENAKIS]#
5/3/2016 6:21:15 μμ,Command parsed OK
5/3/2016 6:21:15 μμ,Executing command : CODEBANK
5/3/2016 6:21:15 μμ,Data logged to C:\Users\avgenakis giwrgos\Desktop\codeBank.txt
5/3/2016 6:21:16 μμ,Commandstring recieved : #S|CODEBANK|[AVGENAKIS]#
5/3/2016 6:21:16 μμ,Command parsed OK
5/3/2016 6:21:16 μμ,Executing command : CODEBANK
5/3/2016 6:21:16 μμ,Data logged to C:\Users\avgenakis giwrgos\Desktop\codeBank.txt
5/3/2016 6:21:17 μμ,Commandstring recieved : #S|CODEBANK|[AVGENAKIS]#
5/3/2016 6:21:17 μμ,Command parsed OK
5/3/2016 6:21:17 μμ,Executing command : CODEBANK
5/3/2016 6:21:17 μμ,Data logged to C:\Users\avgenakis giwrgos\Desktop\codeBank.txt
5/3/2016 6:21:18 μμ,Commandstring recieved : #S|CODEBANK|[AVGENAKIS]#
5/3/2016 6:21:18 μμ,Command parsed OK
5/3/2016 6:21:18 μμ,Executing command : CODEBANK
5/3/2016 6:21:18 μμ,Data logged to C:\Users\avgenakis giwrgos\Desktop\codeBank.txt
5/3/2016 6:21:19 μμ,Commandstring recieved : #S|CODEBANK|[AVGENAKIS]#
5/3/2016 6:21:19 μμ,Command parsed OK
5/3/2016 6:21:19 μμ,Executing command : CODEBANK
5/3/2016 6:21:19 μμ,Data logged to C:\Users\avgenakis giwrgos\Desktop\codeBank.txt
5/3/2016 6:21:20 μμ,Commandstring recieved : #S|CODEBANK|[AVGENAKIS]#
5/3/2016 6:21:20 μμ,Command parsed OK
5/3/2016 6:21:20 μμ,Executing command : CODEBANK
5/3/2016 6:21:20 μμ,Data logged to C:\Users\avgenakis giwrgos\Desktop\codeBank.txt
5/3/2016 6:21:21 μμ,Commandstring recieved : low
5/3/2016 6:21:21 μμ,The string recieved : low is not a well formed command string
5/3/2016 6:21:22 μμ,Commandstring recieved : #S|CODEBANK|[AVGENAKIS]#
5/3/2016 6:21:22 μμ,Command parsed OK
5/3/2016 6:21:22 μμ,Executing command : CODEBANK
5/3/2016 6:21:22 μμ,Data logged to C:\Users\avgenakis giwrgos\Desktop\codeBank.txt
5/3/2016 6:21:23 μμ,Commandstring recieved : low
5/3/2016 6:21:23 μμ,The string recieved : low is not a well formed command string
5/3/2016 6:21:24 μμ,Commandstring recieved : #S|CODEBANK|[AVGENAKIS]#
5/3/2016 6:21:24 μμ,Command parsed OK
5/3/2016 6:21:24 μμ,Executing command : CODEBANK
5/3/2016 6:21:24 μμ,Data logged to C:\Users\avgenakis giwrgos\Desktop\codeBank.txt
5/3/2016 6:21:25 μμ,Commandstring recieved : #S|CODEBANK|[AVGENAKIS]#
5/3/2016 6:21:25 μμ,Command parsed OK
5/3/2016 6:21:25 μμ,Executing command : CODEBANK
5/3/2016 6:21:25 μμ,Data logged to C:\Users\avgenakis giwrgos\Desktop\codeBank.txt
5/3/2016 6:21:26 μμ,Commandstring recieved : #S|CODEBANK|[AVGENAKIS]#
5/3/2016 6:21:26 μμ,Command parsed OK
5/3/2016 6:21:26 μμ,Executing command : CODEBANK
5/3/2016 6:21:26 μμ,Data logged to C:\Users\avgenakis giwrgos\Desktop\codeBank.txt
5/3/2016 6:21:27 μμ,Commandstring recieved : #S|CODEBANK|[AVGENAKIS]#
5/3/2016 6:21:27 μμ,Command parsed OK
5/3/2016 6:21:27 μμ,Executing command : CODEBANK
5/3/2016 6:21:27 μμ,Data logged to C:\Users\avgenakis giwrgos\Desktop\codeBank.txt
5/3/2016 6:21:28 μμ,Commandstring recieved : #S|CODEBANK|[AVGENAKIS]#
5/3/2016 6:21:28 μμ,Command parsed OK
5/3/2016 6:21:28 μμ,Executing command : CODEBANK
5/3/2016 6:21:28 μμ,Data logged to C:\Users\avgenakis giwrgos\Desktop\codeBank.txt
5/3/2016 6:21:29 μμ,Commandstring recieved : #S|CODEBANK|[AVGENAKIS]#
5/3/2016 6:21:29 μμ,Command parsed OK
5/3/2016 6:21:29 μμ,Executing command : CODEBANK
5/3/2016 6:21:29 μμ,Data logged to C:\Users\avgenakis giwrgos\Desktop\codeBank.txt
5/3/2016 6:21:30 μμ,Commandstring recieved : #S|CODEBANK|[AVGENAKIS]#
5/3/2016 6:21:30 μμ,Command parsed OK
5/3/2016 6:21:30 μμ,Executing command : CODEBANK
5/3/2016 6:21:30 μμ,Data logged to C:\Users\avgenakis giwrgos\Desktop\codeBank.txt
5/3/2016 6:21:31 μμ,Commandstring recieved : #S|CODEBANK|[AVGENAKIS]#
5/3/2016 6:21:31 μμ,Command parsed OK
5/3/2016 6:21:31 μμ,Executing command : CODEBANK
5/3/2016 6:21:31 μμ,Data logged to C:\Users\avgenakis giwrgos\Desktop\codeBank.txt
5/3/2016 6:21:32 μμ,Commandstring recieved : #S|CODEBANK|[AVGENAKIS]#
5/3/2016 6:21:32 μμ,Command parsed OK
5/3/2016 6:21:32 μμ,Executing command : CODEBANK
5/3/2016 6:21:32 μμ,Data logged to C:\Users\avgenakis giwrgos\Desktop\codeBank.txt
5/3/2016 6:21:33 μμ,Commandstring recieved : #S|CODEBANK|[AVGENAKIS]#
5/3/2016 6:21:33 μμ,Command parsed OK
5/3/2016 6:21:33 μμ,Executing command : CODEBANK
5/3/2016 6:21:33 μμ,Data logged to C:\Users\avgenakis giwrgos\Desktop\codeBank.txt
5/3/2016 6:21:34 μμ,Commandstring recieved : #S|CODEBANK|[AVGENAKIS]#
5/3/2016 6:21:34 μμ,Command parsed OK
5/3/2016 6:21:34 μμ,Executing command : CODEBANK
5/3/2016 6:21:34 μμ,Data logged to C:\Users\avgenakis giwrgos\Desktop\codeBank.txt
5/3/2016 6:21:35 μμ,Commandstring recieved : #S|CODEBANK|[AVGENAKIS]#
5/3/2016 6:21:35 μμ,Command parsed OK
5/3/2016 6:21:35 μμ,Executing command : CODEBANK
5/3/2016 6:21:35 μμ,Data logged to C:\Users\avgenakis giwrgos\Desktop\codeBank.txt
5/3/2016 6:21:36 μμ,Commandstring recieved : #S|CODEBANK|[AVGENAKIS]#
5/3/2016 6:21:36 μμ,Command parsed OK
5/3/2016 6:21:36 μμ,Executing command : CODEBANK
5/3/2016 6:21:36 μμ,Data logged to C:\Users\avgenakis giwrgos\Desktop\codeBank.txt
5/3/2016 6:21:37 μμ,Commandstring recieved : #S|CODEBANK|[AVGENAKIS]#
5/3/2016 6:21:37 μμ,Command parsed OK
5/3/2016 6:21:37 μμ,Executing command : CODEBANK
5/3/2016 6:21:37 μμ,Data logged to C:\Users\avgenakis giwrgos\Desktop\codeBank.txt
5/3/2016 6:21:38 μμ,Commandstring recieved : #S|CODEBANK|[AVGENAKIS]#
5/3/2016 6:21:38 μμ,Command parsed OK
5/3/2016 6:21:38 μμ,Executing command : CODEBANK
5/3/2016 6:21:38 μμ,Data logged to C:\Users\avgenakis giwrgos\Desktop\codeBank.txt
5/3/2016 6:21:39 μμ,Commandstring recieved : low
5/3/2016 6:21:39 μμ,The string recieved : low is not a well formed command string
5/3/2016 6:21:40 μμ,Commandstring recieved : low
5/3/2016 6:21:40 μμ,The string recieved : low is not a well formed command string
5/3/2016 6:21:41 μμ,Commandstring recieved : low
5/3/2016 6:21:41 μμ,The string recieved : low is not a well formed command string
5/3/2016 6:21:42 μμ,Commandstring recieved : low
5/3/2016 6:21:42 μμ,The string recieved : low is not a well formed command string
5/3/2016 6:21:43 μμ,Commandstring recieved : #S|CODEBANK|[AVGENAKIS]#
5/3/2016 6:21:43 μμ,Command parsed OK
5/3/2016 6:21:43 μμ,Executing command : CODEBANK
5/3/2016 6:21:43 μμ,Data logged to C:\Users\avgenakis giwrgos\Desktop\codeBank.txt
5/3/2016 6:21:44 μμ,Commandstring recieved : low
5/3/2016 6:21:44 μμ,The string recieved : low is not a well formed command string
5/3/2016 6:21:45 μμ,Commandstring recieved : low
5/3/2016 6:21:45 μμ,The string recieved : low is not a well formed command string
5/3/2016 6:21:46 μμ,Commandstring recieved : low
5/3/2016 6:21:46 μμ,The string recieved : low is not a well formed command string
5/3/2016 6:21:47 μμ,Commandstring recieved : low
5/3/2016 6:21:47 μμ,The string recieved : low is not a well formed command string
5/3/2016 6:21:48 μμ,Commandstring recieved : low
5/3/2016 6:21:48 μμ,The string recieved : low is not a well formed command string
5/3/2016 6:21:49 μμ,Commandstring recieved : low
5/3/2016 6:21:49 μμ,The string recieved : low is not a well formed command string
5/3/2016 6:21:50 μμ,Commandstring recieved : low
5/3/2016 6:21:50 μμ,The string recieved : low is not a well formed command string
5/3/2016 6:21:51 μμ,Commandstring recieved : low
5/3/2016 6:21:51 μμ,The string recieved : low is not a well formed command string
5/3/2016 6:21:52 μμ,Commandstring recieved : low
5/3/2016 6:21:52 μμ,The string recieved : low is not a well formed command string
5/3/2016 6:21:53 μμ,Commandstring recieved : low
5/3/2016 6:21:53 μμ,The string recieved : low is not a well formed command string
5/3/2016 6:21:54 μμ,Commandstring recieved : low
5/3/2016 6:21:54 μμ,The string recieved : low is not a well formed command string
5/3/2016 6:21:55 μμ,Commandstring recieved : low
5/3/2016 6:21:55 μμ,The string recieved : low is not a well formed command string
5/3/2016 6:21:56 μμ,Commandstring recieved : low
5/3/2016 6:21:56 μμ,The string recieved : low is not a well formed command string
5/3/2016 6:21:57 μμ,Commandstring recieved : #S|CODEBANK|[AVGENAKIS]#
5/3/2016 6:21:57 μμ,Command parsed OK
5/3/2016 6:21:57 μμ,Executing command : CODEBANK
5/3/2016 6:21:57 μμ,Data logged to C:\Users\avgenakis giwrgos\Desktop\codeBank.txt
5/3/2016 6:21:58 μμ,Commandstring recieved : low
5/3/2016 6:21:58 μμ,The string recieved : low is not a well formed command string
5/3/2016 6:21:59 μμ,Commandstring recieved : low
5/3/2016 6:21:59 μμ,The string recieved : low is not a well formed command string
5/3/2016 6:22:00 μμ,Commandstring recieved : #S|CODEBANK|[AVGENAKIS]#
5/3/2016 6:22:00 μμ,Command parsed OK
5/3/2016 6:22:00 μμ,Executing command : CODEBANK
5/3/2016 6:22:00 μμ,Data logged to C:\Users\avgenakis giwrgos\Desktop\codeBank.txt
5/3/2016 6:22:01 μμ,Commandstring recieved : #S|CODEBANK|[AVGENAKIS]#
5/3/2016 6:22:01 μμ,Command parsed OK
5/3/2016 6:22:01 μμ,Executing command : CODEBANK
5/3/2016 6:22:01 μμ,Data logged to C:\Users\avgenakis giwrgos\Desktop\codeBank.txt
5/3/2016 6:22:02 μμ,Commandstring recieved : #S|CODEBANK|[AVGENAKIS]#
5/3/2016 6:22:02 μμ,Command parsed OK
5/3/2016 6:22:02 μμ,Executing command : CODEBANK
5/3/2016 6:22:02 μμ,Data logged to C:\Users\avgenakis giwrgos\Desktop\codeBank.txt
5/3/2016 6:22:03 μμ,Commandstring recieved : low
5/3/2016 6:22:03 μμ,The string recieved : low is not a well formed command string
5/3/2016 6:22:04 μμ,Commandstring recieved : #S|CODEBANK|[AVGENAKIS]#
5/3/2016 6:22:04 μμ,Command parsed OK
5/3/2016 6:22:04 μμ,Executing command : CODEBANK
5/3/2016 6:22:04 μμ,Data logged to C:\Users\avgenakis giwrgos\Desktop\codeBank.txt
5/3/2016 6:22:05 μμ,Commandstring recieved : #S|CODEBANK|[AVGENAKIS]#
5/3/2016 6:22:05 μμ,Command parsed OK
5/3/2016 6:22:05 μμ,Executing command : CODEBANK
5/3/2016 6:22:05 μμ,Data logged to C:\Users\avgenakis giwrgos\Desktop\codeBank.txt
5/3/2016 6:22:06 μμ,Commandstring recieved : low
5/3/2016 6:22:06 μμ,The string recieved : low is not a well formed command string
5/3/2016 6:22:07 μμ,Commandstring recieved : low
5/3/2016 6:22:07 μμ,The string recieved : low is not a well formed command string
5/3/2016 6:22:08 μμ,Commandstring recieved : low
5/3/2016 6:22:08 μμ,The string recieved : low is not a well formed command string
5/3/2016 6:22:09 μμ,Commandstring recieved : low
5/3/2016 6:22:09 μμ,The string recieved : low is not a well formed command string
5/3/2016 6:22:10 μμ,Commandstring recieved : low
5/3/2016 6:22:10 μμ,The string recieved : low is not a well formed command string
5/3/2016 6:22:11 μμ,Commandstring recieved : low
5/3/2016 6:22:11 μμ,The string recieved : low is not a well formed command string
5/3/2016 6:22:12 μμ,Commandstring recieved : low
5/3/2016 6:22:12 μμ,The string recieved : low is not a well formed command string
5/3/2016 6:22:13 μμ,Commandstring recieved : low
5/3/2016 6:22:13 μμ,The string recieved : low is not a well formed command string
5/3/2016 6:22:14 μμ,Commandstring recieved : low
5/3/2016 6:22:14 μμ,The string recieved : low is not a well formed command string
5/3/2016 6:22:15 μμ,Commandstring recieved : low
5/3/2016 6:22:15 μμ,The string recieved : low is not a well formed command string
5/3/2016 6:22:16 μμ,Commandstring recieved : low
5/3/2016 6:22:16 μμ,The string recieved : low is not a well formed command string
5/3/2016 6:22:17 μμ,Commandstring recieved : low
5/3/2016 6:22:17 μμ,The string recieved : low is not a well formed command string
5/3/2016 6:22:18 μμ,Commandstring recieved : low
5/3/2016 6:22:18 μμ,The string recieved : low is not a well formed command string
5/3/2016 6:22:19 μμ,Commandstring recieved : low
5/3/2016 6:22:19 μμ,The string recieved : low is not a well formed command string
5/3/2016 6:22:20 μμ,Commandstring recieved : low
5/3/2016 6:22:20 μμ,The string recieved : low is not a well formed command string
5/3/2016 6:22:21 μμ,Commandstring recieved : low
5/3/2016 6:22:21 μμ,The string recieved : low is not a well formed command string
5/3/2016 6:22:22 μμ,Commandstring recieved : low
5/3/2016 6:22:22 μμ,The string recieved : low is not a well formed command string
5/3/2016 6:22:23 μμ,Commandstring recieved : low
5/3/2016 6:22:23 μμ,The string recieved : low is not a well formed command string
5/3/2016 6:22:24 μμ,Commandstring recieved : low
5/3/2016 6:22:24 μμ,The string recieved : low is not a well formed command string
5/3/2016 6:22:25 μμ,Commandstring recieved : low
5/3/2016 6:22:25 μμ,The string recieved : low is not a well formed command string
5/3/2016 6:22:26 μμ,Commandstring recieved : low
5/3/2016 6:22:26 μμ,The string recieved : low is not a well formed command string
5/3/2016 6:22:27 μμ,Commandstring recieved : low
5/3/2016 6:22:27 μμ,The string recieved : low is not a well formed command string
5/3/2016 6:22:28 μμ,Commandstring recieved : low
5/3/2016 6:22:28 μμ,The string recieved : low is not a well formed command string
5/3/2016 6:22:29 μμ,Commandstring recieved : low
5/3/2016 6:22:29 μμ,The string recieved : low is not a well formed command string
5/3/2016 6:22:30 μμ,Commandstring recieved : low
5/3/2016 6:22:30 μμ,The string recieved : low is not a well formed command string
5/3/2016 6:22:31 μμ,Commandstring recieved : low
5/3/2016 6:22:31 μμ,The string recieved : low is not a well formed command string
5/3/2016 6:22:32 μμ,Commandstring recieved : low
5/3/2016 6:22:32 μμ,The string recieved : low is not a well formed command string
5/3/2016 6:22:33 μμ,Commandstring recieved : low
5/3/2016 6:22:33 μμ,The string recieved : low is not a well formed command string
5/3/2016 6:22:34 μμ,Commandstring recieved : low
5/3/2016 6:22:34 μμ,The string recieved : low is not a well formed command string
5/3/2016 6:22:35 μμ,Commandstring recieved : low
5/3/2016 6:22:35 μμ,The string recieved : low is not a well formed command string
5/3/2016 6:22:36 μμ,Commandstring recieved : low
5/3/2016 6:22:36 μμ,The string recieved : low is not a well formed command string
5/3/2016 6:22:37 μμ,Commandstring recieved : low
5/3/2016 6:22:37 μμ,The string recieved : low is not a well formed command string
5/3/2016 6:22:38 μμ,Commandstring recieved : low
5/3/2016 6:22:38 μμ,The string recieved : low is not a well formed command string
5/3/2016 6:22:39 μμ,Commandstring recieved : low
5/3/2016 6:22:39 μμ,The string recieved : low is not a well formed command string
5/3/2016 6:22:40 μμ,Commandstring recieved : low
5/3/2016 6:22:40 μμ,The string recieved : low is not a well formed command string
5/3/2016 6:22:41 μμ,Commandstring recieved : low
5/3/2016 6:22:41 μμ,The string recieved : low is not a well formed command string
5/3/2016 6:22:42 μμ,Commandstring recieved : low
5/3/2016 6:22:42 μμ,The string recieved : low is not a well formed command string
5/3/2016 6:22:43 μμ,Commandstring recieved : low
5/3/2016 6:22:43 μμ,The string recieved : low is not a well formed command string
5/3/2016 6:22:44 μμ,Commandstring recieved : low
5/3/2016 6:22:44 μμ,The string recieved : low is not a well formed command string
5/3/2016 6:22:45 μμ,Commandstring recieved : low
5/3/2016 6:22:45 μμ,The string recieved : low is not a well formed command string
5/3/2016 6:22:46 μμ,Commandstring recieved : low
5/3/2016 6:22:46 μμ,The string recieved : low is not a well formed command string
5/3/2016 6:22:47 μμ,Commandstring recieved : low
5/3/2016 6:22:47 μμ,The string recieved : low is not a well formed command string
5/3/2016 6:22:48 μμ,Commandstring recieved : low
5/3/2016 6:22:48 μμ,The string recieved : low is not a well formed command string
5/3/2016 6:22:49 μμ,Commandstring recieved : low
5/3/2016 6:22:49 μμ,The string recieved : low is not a well formed command string
5/3/2016 6:22:50 μμ,Commandstring recieved : low
5/3/2016 6:22:50 μμ,The string recieved : low is not a well formed command string
5/3/2016 6:22:51 μμ,Commandstring recieved : low
5/3/2016 6:22:51 μμ,The string recieved : low is not a well formed command string
5/3/2016 6:22:52 μμ,Commandstring recieved : low
5/3/2016 6:22:52 μμ,The string recieved : low is not a well formed command string
5/3/2016 6:22:53 μμ,Commandstring recieved : low
5/3/2016 6:22:53 μμ,The string recieved : low is not a well formed command string
5/3/2016 6:22:54 μμ,Commandstring recieved : low
5/3/2016 6:22:54 μμ,The string recieved : low is not a well formed command string
5/3/2016 6:22:55 μμ,Commandstring recieved : low
5/3/2016 6:22:55 μμ,The string recieved : low is not a well formed command string
5/3/2016 6:22:56 μμ,Commandstring recieved : low
5/3/2016 6:22:56 μμ,The string recieved : low is not a well formed command string
5/3/2016 6:22:57 μμ,Commandstring recieved : low
5/3/2016 6:22:57 μμ,The string recieved : low is not a well formed command string
5/3/2016 6:22:58 μμ,Commandstring recieved : low
5/3/2016 6:22:58 μμ,The string recieved : low is not a well formed command string
5/3/2016 6:22:59 μμ,Commandstring recieved : low
5/3/2016 6:22:59 μμ,The string recieved : low is not a well formed command string
5/3/2016 6:23:00 μμ,Commandstring recieved : low
5/3/2016 6:23:00 μμ,The string recieved : low is not a well formed command string
5/3/2016 6:23:01 μμ,Commandstring recieved : low
5/3/2016 6:23:01 μμ,The string recieved : low is not a well formed command string
5/3/2016 6:23:02 μμ,Commandstring recieved : low
5/3/2016 6:23:02 μμ,The string recieved : low is not a well formed command string
5/3/2016 6:23:03 μμ,Commandstring recieved : low
5/3/2016 6:23:03 μμ,The string recieved : low is not a well formed command string
5/3/2016 6:23:04 μμ,Commandstring recieved : low
5/3/2016 6:23:04 μμ,The string recieved : low is not a well formed command string
5/3/2016 6:23:05 μμ,Commandstring recieved : low
5/3/2016 6:23:05 μμ,The string recieved : low is not a well formed command string
5/3/2016 6:23:06 μμ,Commandstring recieved : low
5/3/2016 6:23:06 μμ,The string recieved : low is not a well formed command string
5/3/2016 6:23:07 μμ,Commandstring recieved : low
5/3/2016 6:23:07 μμ,The string recieved : low is not a well formed command string
5/3/2016 6:23:08 μμ,Commandstring recieved : low
5/3/2016 6:23:08 μμ,The string recieved : low is not a well formed command string
5/3/2016 6:23:09 μμ,Commandstring recieved : low
5/3/2016 6:23:09 μμ,The string recieved : low is not a well formed command string
5/3/2016 6:23:10 μμ,Commandstring recieved : low
5/3/2016 6:23:10 μμ,The string recieved : low is not a well formed command string
5/3/2016 6:23:11 μμ,Commandstring recieved : low
5/3/2016 6:23:11 μμ,The string recieved : low is not a well formed command string
5/3/2016 6:23:12 μμ,Commandstring recieved : low
5/3/2016 6:23:12 μμ,The string recieved : low is not a well formed command string
5/3/2016 6:23:13 μμ,Commandstring recieved : low
5/3/2016 6:23:13 μμ,The string recieved : low is not a well formed command string
5/3/2016 6:23:14 μμ,Commandstring recieved : low
5/3/2016 6:23:14 μμ,The string recieved : low is not a well formed command string
5/3/2016 6:23:15 μμ,Commandstring recieved : low
5/3/2016 6:23:15 μμ,The string recieved : low is not a well formed command string
5/3/2016 6:23:16 μμ,Commandstring recieved : low
5/3/2016 6:23:16 μμ,The string recieved : low is not a well formed command string
5/3/2016 6:23:17 μμ,Commandstring recieved : low
5/3/2016 6:23:17 μμ,The string recieved : low is not a well formed command string
5/3/2016 6:23:18 μμ,Commandstring recieved : low
5/3/2016 6:23:18 μμ,The string recieved : low is not a well formed command string
5/3/2016 6:23:19 μμ,Commandstring recieved : low
5/3/2016 6:23:19 μμ,The string recieved : low is not a well formed command string
5/3/2016 6:23:20 μμ,Commandstring recieved : low
5/3/2016 6:23:20 μμ,The string recieved : low is not a well formed command string
5/3/2016 6:23:21 μμ,Commandstring recieved : low
5/3/2016 6:23:21 μμ,The string recieved : low is not a well formed command string
5/3/2016 6:23:22 μμ,Commandstring recieved : low
5/3/2016 6:23:22 μμ,The string recieved : low is not a well formed command string
5/3/2016 6:23:23 μμ,Commandstring recieved : low
5/3/2016 6:23:23 μμ,The string recieved : low is not a well formed command string
5/3/2016 6:23:24 μμ,Commandstring recieved : low
5/3/2016 6:23:24 μμ,The string recieved : low is not a well formed command string
5/3/2016 6:23:25 μμ,Commandstring recieved : low
5/3/2016 6:23:25 μμ,The string recieved : low is not a well formed command string
5/3/2016 6:23:26 μμ,Commandstring recieved : low
5/3/2016 6:23:26 μμ,The string recieved : low is not a well formed command string
5/3/2016 6:23:27 μμ,Commandstring recieved : low
5/3/2016 6:23:27 μμ,The string recieved : low is not a well formed command string
5/3/2016 6:23:28 μμ,Commandstring recieved : low
5/3/2016 6:23:28 μμ,The string recieved : low is not a well formed command string
5/3/2016 6:23:29 μμ,Commandstring recieved : low
5/3/2016 6:23:29 μμ,The string recieved : low is not a well formed command string
5/3/2016 6:23:30 μμ,Commandstring recieved : low
5/3/2016 6:23:30 μμ,The string recieved : low is not a well formed command string
5/3/2016 6:23:31 μμ,Commandstring recieved : low
5/3/2016 6:23:31 μμ,The string recieved : low is not a well formed command string
5/3/2016 6:23:32 μμ,Commandstring recieved : low
5/3/2016 6:23:32 μμ,The string recieved : low is not a well formed command string
5/3/2016 6:23:33 μμ,Commandstring recieved : low
5/3/2016 6:23:33 μμ,The string recieved : low is not a well formed command string
5/3/2016 6:23:34 μμ,Commandstring recieved : low
5/3/2016 6:23:34 μμ,The string recieved : low is not a well formed command string
5/3/2016 6:23:35 μμ,Commandstring recieved : low
5/3/2016 6:23:35 μμ,The string recieved : low is not a well formed command string
5/3/2016 6:23:36 μμ,Commandstring recieved : low
5/3/2016 6:23:36 μμ,The string recieved : low is not a well formed command string
5/3/2016 6:23:37 μμ,Commandstring recieved : low
5/3/2016 6:23:37 μμ,The string recieved : low is not a well formed command string
5/3/2016 6:23:38 μμ,Commandstring recieved : low
5/3/2016 6:23:38 μμ,The string recieved : low is not a well formed command string
5/3/2016 6:23:39 μμ,Commandstring recieved : low
5/3/2016 6:23:39 μμ,The string recieved : low is not a well formed command string
5/3/2016 6:23:40 μμ,Commandstring recieved : low
5/3/2016 6:23:40 μμ,The string recieved : low is not a well formed command string
5/3/2016 6:23:41 μμ,Commandstring recieved : low
5/3/2016 6:23:41 μμ,The string recieved : low is not a well formed command string
5/3/2016 6:23:42 μμ,Commandstring recieved : low
5/3/2016 6:23:42 μμ,The string recieved : low is not a well formed command string
5/3/2016 6:23:43 μμ,Commandstring recieved : low
5/3/2016 6:23:43 μμ,The string recieved : low is not a well formed command string
5/3/2016 6:23:44 μμ,Commandstring recieved : low
5/3/2016 6:23:44 μμ,The string recieved : low is not a well formed command string
5/3/2016 6:23:45 μμ,Commandstring recieved : low
5/3/2016 6:23:45 μμ,The string recieved : low is not a well formed command string
5/3/2016 6:23:46 μμ,Commandstring recieved : low
5/3/2016 6:23:46 μμ,The string recieved : low is not a well formed command string
5/3/2016 6:23:47 μμ,Commandstring recieved : low
5/3/2016 6:23:47 μμ,The string recieved : low is not a well formed command string
5/3/2016 6:23:48 μμ,Commandstring recieved : low
5/3/2016 6:23:48 μμ,The string recieved : low is not a well formed command string
5/3/2016 6:23:49 μμ,Commandstring recieved : low
5/3/2016 6:23:49 μμ,The string recieved : low is not a well formed command string
5/3/2016 6:23:50 μμ,Commandstring recieved : low
5/3/2016 6:23:50 μμ,The string recieved : low is not a well formed command string
5/3/2016 6:23:51 μμ,Commandstring recieved : low
5/3/2016 6:23:51 μμ,The string recieved : low is not a well formed command string
5/3/2016 6:23:52 μμ,Commandstring recieved : low
5/3/2016 6:23:52 μμ,The string recieved : low is not a well formed command string
5/3/2016 6:23:53 μμ,Commandstring recieved : low
5/3/2016 6:23:53 μμ,The string recieved : low is not a well formed command string
5/3/2016 6:23:54 μμ,Commandstring recieved : low
5/3/2016 6:23:54 μμ,The string recieved : low is not a well formed command string
5/3/2016 6:23:55 μμ,Commandstring recieved : low
5/3/2016 6:23:55 μμ,The string recieved : low is not a well formed command string
5/3/2016 6:23:56 μμ,Commandstring recieved : low
5/3/2016 6:23:56 μμ,The string recieved : low is not a well formed command string
5/3/2016 6:23:57 μμ,Commandstring recieved : low
5/3/2016 6:23:57 μμ,The string recieved : low is not a well formed command string
5/3/2016 6:23:58 μμ,Commandstring recieved : low
5/3/2016 6:23:58 μμ,The string recieved : low is not a well formed command string
5/3/2016 6:23:59 μμ,Commandstring recieved : low
5/3/2016 6:23:59 μμ,The string recieved : low is not a well formed command string
5/3/2016 6:24:00 μμ,Commandstring recieved : low
5/3/2016 6:24:00 μμ,The string recieved : low is not a well formed command string
5/3/2016 6:24:01 μμ,Commandstring recieved : low
5/3/2016 6:24:01 μμ,The string recieved : low is not a well formed command string
5/3/2016 6:24:02 μμ,Commandstring recieved : low
5/3/2016 6:24:02 μμ,The string recieved : low is not a well formed command string
5/3/2016 6:24:03 μμ,Commandstring recieved : low
5/3/2016 6:24:03 μμ,The string recieved : low is not a well formed command string
5/3/2016 6:24:04 μμ,Commandstring recieved : low
5/3/2016 6:24:04 μμ,The string recieved : low is not a well formed command string
5/3/2016 6:24:05 μμ,Commandstring recieved : low
5/3/2016 6:24:05 μμ,The string recieved : low is not a well formed command string
5/3/2016 6:24:06 μμ,Commandstring recieved : low
5/3/2016 6:24:06 μμ,The string recieved : low is not a well formed command string
5/3/2016 6:24:07 μμ,Commandstring recieved : low
5/3/2016 6:24:07 μμ,The string recieved : low is not a well formed command string
5/3/2016 6:24:08 μμ,Commandstring recieved : low
5/3/2016 6:24:08 μμ,The string recieved : low is not a well formed command string
5/3/2016 6:24:09 μμ,Commandstring recieved : low
5/3/2016 6:24:09 μμ,The string recieved : low is not a well formed command string
5/3/2016 6:24:10 μμ,Commandstring recieved : low
5/3/2016 6:24:10 μμ,The string recieved : low is not a well formed command string
5/3/2016 6:24:11 μμ,Commandstring recieved : low
5/3/2016 6:24:11 μμ,The string recieved : low is not a well formed command string
5/3/2016 6:24:12 μμ,Commandstring recieved : low
5/3/2016 6:24:12 μμ,The string recieved : low is not a well formed command string
5/3/2016 6:24:13 μμ,Commandstring recieved : low
5/3/2016 6:24:13 μμ,The string recieved : low is not a well formed command string
5/3/2016 6:24:14 μμ,Commandstring recieved : low
5/3/2016 6:24:14 μμ,The string recieved : low is not a well formed command string
5/3/2016 6:24:15 μμ,Commandstring recieved : low
5/3/2016 6:24:15 μμ,The string recieved : low is not a well formed command string
5/3/2016 6:24:16 μμ,Commandstring recieved : low
5/3/2016 6:24:16 μμ,The string recieved : low is not a well formed command string
5/3/2016 6:24:17 μμ,Commandstring recieved : low
5/3/2016 6:24:17 μμ,The string recieved : low is not a well formed command string
5/3/2016 6:24:18 μμ,Commandstring recieved : low
5/3/2016 6:24:18 μμ,The string recieved : low is not a well formed command string
5/3/2016 6:24:19 μμ,Commandstring recieved : low
5/3/2016 6:24:19 μμ,The string recieved : low is not a well formed command string
5/3/2016 6:24:20 μμ,Commandstring recieved : low
5/3/2016 6:24:20 μμ,The string recieved : low is not a well formed command string
5/3/2016 6:24:21 μμ,Commandstring recieved : low
5/3/2016 6:24:21 μμ,The string recieved : low is not a well formed command string
5/3/2016 6:24:22 μμ,Commandstring recieved : low
5/3/2016 6:24:22 μμ,The string recieved : low is not a well formed command string
5/3/2016 6:24:23 μμ,Commandstring recieved : low
5/3/2016 6:24:23 μμ,The string recieved : low is not a well formed command string
5/3/2016 6:24:24 μμ,Commandstring recieved : low
5/3/2016 6:24:24 μμ,The string recieved : low is not a well formed command string
5/3/2016 6:24:25 μμ,Commandstring recieved : low
5/3/2016 6:24:25 μμ,The string recieved : low is not a well formed command string
5/3/2016 6:24:26 μμ,Commandstring recieved : low
5/3/2016 6:24:26 μμ,The string recieved : low is not a well formed command string
5/3/2016 6:24:27 μμ,Commandstring recieved : low
5/3/2016 6:24:27 μμ,The string recieved : low is not a well formed command string
5/3/2016 6:24:28 μμ,Commandstring recieved : low
5/3/2016 6:24:28 μμ,The string recieved : low is not a well formed command string
5/3/2016 6:24:29 μμ,Commandstring recieved : low
5/3/2016 6:24:29 μμ,The string recieved : low is not a well formed command string
5/3/2016 6:24:30 μμ,Commandstring recieved : low
5/3/2016 6:24:30 μμ,The string recieved : low is not a well formed command string
5/3/2016 6:24:31 μμ,Commandstring recieved : low
5/3/2016 6:24:31 μμ,The string recieved : low is not a well formed command string
5/3/2016 6:24:32 μμ,Commandstring recieved : low
5/3/2016 6:24:32 μμ,The string recieved : low is not a well formed command string
5/3/2016 6:24:33 μμ,Commandstring recieved : low
5/3/2016 6:24:33 μμ,The string recieved : low is not a well formed command string
5/3/2016 6:24:34 μμ,Commandstring recieved : low
5/3/2016 6:24:34 μμ,The string recieved : low is not a well formed command string
5/3/2016 6:24:35 μμ,Commandstring recieved : low
5/3/2016 6:24:35 μμ,The string recieved : low is not a well formed command string
5/3/2016 6:24:36 μμ,Commandstring recieved : low
5/3/2016 6:24:36 μμ,The string recieved : low is not a well formed command string
5/3/2016 6:24:37 μμ,Commandstring recieved : low
5/3/2016 6:24:37 μμ,The string recieved : low is not a well formed command string
5/3/2016 6:24:38 μμ,Commandstring recieved : low
5/3/2016 6:24:38 μμ,The string recieved : low is not a well formed command string
5/3/2016 6:24:39 μμ,Commandstring recieved : low
5/3/2016 6:24:39 μμ,The string recieved : low is not a well formed command string
5/3/2016 6:24:40 μμ,Commandstring recieved : low
5/3/2016 6:24:40 μμ,The string recieved : low is not a well formed command string
5/3/2016 6:24:41 μμ,Commandstring recieved : low
5/3/2016 6:24:41 μμ,The string recieved : low is not a well formed command string
5/3/2016 6:24:42 μμ,Commandstring recieved : low
5/3/2016 6:24:42 μμ,The string recieved : low is not a well formed command string
5/3/2016 6:24:43 μμ,Commandstring recieved : low
5/3/2016 6:24:43 μμ,The string recieved : low is not a well formed command string
5/3/2016 6:24:44 μμ,Commandstring recieved : low
5/3/2016 6:24:44 μμ,The string recieved : low is not a well formed command string
5/3/2016 6:24:45 μμ,Commandstring recieved : low
5/3/2016 6:24:45 μμ,The string recieved : low is not a well formed command string
5/3/2016 6:24:46 μμ,Commandstring recieved : low
5/3/2016 6:24:46 μμ,The string recieved : low is not a well formed command string
5/3/2016 6:24:47 μμ,Commandstring recieved : low
5/3/2016 6:24:47 μμ,The string recieved : low is not a well formed command string
5/3/2016 6:24:48 μμ,Commandstring recieved : low
5/3/2016 6:24:48 μμ,The string recieved : low is not a well formed command string
5/3/2016 6:24:49 μμ,Commandstring recieved : low
5/3/2016 6:24:49 μμ,The string recieved : low is not a well formed command string
5/3/2016 6:24:50 μμ,Commandstring recieved : low
5/3/2016 6:24:50 μμ,The string recieved : low is not a well formed command string
5/3/2016 6:24:51 μμ,Commandstring recieved : low
5/3/2016 6:24:51 μμ,The string recieved : low is not a well formed command string
5/3/2016 6:24:52 μμ,Commandstring recieved : low
5/3/2016 6:24:52 μμ,The string recieved : low is not a well formed command string
5/3/2016 6:24:53 μμ,Commandstring recieved : low
5/3/2016 6:24:53 μμ,The string recieved : low is not a well formed command string
5/3/2016 6:24:54 μμ,Commandstring recieved : low
5/3/2016 6:24:54 μμ,The string recieved : low is not a well formed command string
5/3/2016 6:24:55 μμ,Commandstring recieved : #S|CODEBANK|[AVGENAKIS]#
5/3/2016 6:24:55 μμ,Command parsed OK
5/3/2016 6:24:55 μμ,Executing command : CODEBANK
5/3/2016 6:24:55 μμ,Data logged to C:\Users\avgenakis giwrgos\Desktop\codeBank.txt
5/3/2016 6:24:56 μμ,Commandstring recieved : #S|CODEBANK|[AVGENAKIS]#
5/3/2016 6:24:56 μμ,Command parsed OK
5/3/2016 6:24:56 μμ,Executing command : CODEBANK
5/3/2016 6:24:56 μμ,Data logged to C:\Users\avgenakis giwrgos\Desktop\codeBank.txt
5/3/2016 6:24:57 μμ,Commandstring recieved : #S|CODEBANK|[AVGENAKIS]#
5/3/2016 6:24:57 μμ,Command parsed OK
5/3/2016 6:24:57 μμ,Executing command : CODEBANK
5/3/2016 6:24:57 μμ,Data logged to C:\Users\avgenakis giwrgos\Desktop\codeBank.txt
5/3/2016 6:24:58 μμ,Commandstring recieved : #S|CODEBANK|[AVGENAKIS]#
5/3/2016 6:24:58 μμ,Command parsed OK
5/3/2016 6:24:58 μμ,Executing command : CODEBANK
5/3/2016 6:24:58 μμ,Data logged to C:\Users\avgenakis giwrgos\Desktop\codeBank.txt
5/3/2016 6:24:59 μμ,Commandstring recieved : #S|CODEBANK|[AVGENAKIS]#
5/3/2016 6:24:59 μμ,Command parsed OK
5/3/2016 6:24:59 μμ,Executing command : CODEBANK
5/3/2016 6:24:59 μμ,Data logged to C:\Users\avgenakis giwrgos\Desktop\codeBank.txt
5/3/2016 6:25:00 μμ,Commandstring recieved : #S|CODEBANK|[AVGENAKIS]#
5/3/2016 6:25:00 μμ,Command parsed OK
5/3/2016 6:25:00 μμ,Executing command : CODEBANK
5/3/2016 6:25:00 μμ,Data logged to C:\Users\avgenakis giwrgos\Desktop\codeBank.txt
5/3/2016 6:25:01 μμ,Commandstring recieved : low
5/3/2016 6:25:01 μμ,The string recieved : low is not a well formed command string
5/3/2016 6:25:02 μμ,Commandstring recieved : #S|CODEBANK|[AVGENAKIS]#
5/3/2016 6:25:02 μμ,Command parsed OK
5/3/2016 6:25:02 μμ,Executing command : CODEBANK
5/3/2016 6:25:02 μμ,Data logged to C:\Users\avgenakis giwrgos\Desktop\codeBank.txt
